app/build/intermediates/manifest_merge_blame_file/debug/manifest-merger-blame-debug-report.txt
1<?xml version="1.0" encoding="utf-8"?>
2<manifest xmlns:android="http://schemas.android.com/apk/res/android"
3    package="com.mota.marketingagent"
4    android:versionCode="1"
5    android:versionName="1.0" >
6
7    <uses-sdk
8        android:minSdkVersion="24"
9        android:targetSdkVersion="34" />
10
11    <uses-permission android:name="android.permission.INTERNET" />
11-->src\main\AndroidManifest.xml:4:5-67
11-->src\main\AndroidManifest.xml:4:22-64
12
13    <permission
13-->[androidx.core:core:1.13.0] AndroidManifest.xml:22:5-24:47
14        android:name="com.mota.marketingagent.DYNAMIC_RECEIVER_NOT_EXPORTED_PERMISSION"
14-->[androidx.core:core:1.13.0] AndroidManifest.xml:23:9-81
15        android:protectionLevel="signature" />
15-->[androidx.core:core:1.13.0] AndroidManifest.xml:24:9-44
16
17    <uses-permission android:name="com.mota.marketingagent.DYNAMIC_RECEIVER_NOT_EXPORTED_PERMISSION" />
17-->[androidx.core:core:1.13.0] AndroidManifest.xml:26:5-97
17-->[androidx.core:core:1.13.0] AndroidManifest.xml:26:22-94
18
19    <application
19-->src\main\AndroidManifest.xml:6:5-31:19
20        android:allowBackup="true"
20-->src\main\AndroidManifest.xml:7:9-35
21        android:appComponentFactory="androidx.core.app.CoreComponentFactory"
21-->[androidx.core:core:1.13.0] AndroidManifest.xml:28:18-86
22        android:debuggable="true"
23        android:extractNativeLibs="false"
24        android:icon="@mipmap/ic_launcher"
24-->src\main\AndroidManifest.xml:9:9-43
25        android:label="@string/app_name"
25-->src\main\AndroidManifest.xml:8:9-41
26        android:networkSecurityConfig="@xml/network_security_config"
26-->src\main\AndroidManifest.xml:11:9-69
27        android:roundIcon="@mipmap/ic_launcher_round"
27-->src\main\AndroidManifest.xml:10:9-54
28        android:theme="@style/Theme.MotaAgent" >
28-->src\main\AndroidManifest.xml:12:9-47
29        <activity android:name="com.mota.marketingagent.activities.ChatActivity" />
29-->src\main\AndroidManifest.xml:14:9-61
29-->src\main\AndroidManifest.xml:14:19-58
30        <activity android:name="com.mota.marketingagent.activities.ChatSessionsActivity" />
30-->src\main\AndroidManifest.xml:15:9-69
30-->src\main\AndroidManifest.xml:15:19-66
31        <activity android:name="com.mota.marketingagent.activities.WorkspaceSettingsActivity" />
31-->src\main\AndroidManifest.xml:16:9-74
31-->src\main\AndroidManifest.xml:16:19-71
32        <activity android:name="com.mota.marketingagent.activities.IntegrationActivity" />
32-->src\main\AndroidManifest.xml:17:9-68
32-->src\main\AndroidManifest.xml:17:19-65
33        <activity android:name="com.mota.marketingagent.activities.WorkspaceCreateActivity" />
33-->src\main\AndroidManifest.xml:18:9-72
33-->src\main\AndroidManifest.xml:18:19-69
34        <activity android:name="com.mota.marketingagent.activities.WorkspaceSelectionActivity" />
34-->src\main\AndroidManifest.xml:19:9-75
34-->src\main\AndroidManifest.xml:19:19-72
35        <activity android:name="com.mota.marketingagent.activities.OAuthWebViewActivity" />
35-->src\main\AndroidManifest.xml:20:9-69
35-->src\main\AndroidManifest.xml:20:19-66
36        <activity android:name="com.mota.marketingagent.activities.PublishDraftActivity" />
36-->src\main\AndroidManifest.xml:21:9-69
36-->src\main\AndroidManifest.xml:21:19-66
37        <activity
37-->src\main\AndroidManifest.xml:22:9-29:20
38            android:name="com.mota.marketingagent.activities.LoginActivity"
38-->src\main\AndroidManifest.xml:23:13-53
39            android:exported="true" >
39-->src\main\AndroidManifest.xml:24:13-36
40            <intent-filter>
40-->src\main\AndroidManifest.xml:25:13-28:29
41                <action android:name="android.intent.action.MAIN" />
41-->src\main\AndroidManifest.xml:26:17-69
41-->src\main\AndroidManifest.xml:26:25-66
42
43                <category android:name="android.intent.category.LAUNCHER" />
43-->src\main\AndroidManifest.xml:27:17-77
43-->src\main\AndroidManifest.xml:27:27-74
44            </intent-filter>
45        </activity>
46        <activity
46-->[com.google.android.gms:play-services-auth:21.1.1] AndroidManifest.xml:23:9-27:75
47            android:name="com.google.android.gms.auth.api.signin.internal.SignInHubActivity"
47-->[com.google.android.gms:play-services-auth:21.1.1] AndroidManifest.xml:24:13-93
48            android:excludeFromRecents="true"
48-->[com.google.android.gms:play-services-auth:21.1.1] AndroidManifest.xml:25:13-46
49            android:exported="false"
49-->[com.google.android.gms:play-services-auth:21.1.1] AndroidManifest.xml:26:13-37
50            android:theme="@android:style/Theme.Translucent.NoTitleBar" />
50-->[com.google.android.gms:play-services-auth:21.1.1] AndroidManifest.xml:27:13-72
51        <!--
52            Service handling Google Sign-In user revocation. For apps that do not integrate with
53            Google Sign-In, this service will never be started.
54        -->
55        <service
55-->[com.google.android.gms:play-services-auth:21.1.1] AndroidManifest.xml:33:9-37:51
56            android:name="com.google.android.gms.auth.api.signin.RevocationBoundService"
56-->[com.google.android.gms:play-services-auth:21.1.1] AndroidManifest.xml:34:13-89
57            android:exported="true"
57-->[com.google.android.gms:play-services-auth:21.1.1] AndroidManifest.xml:35:13-36
58            android:permission="com.google.android.gms.auth.api.signin.permission.REVOCATION_NOTIFICATION"
58-->[com.google.android.gms:play-services-auth:21.1.1] AndroidManifest.xml:36:13-107
59            android:visibleToInstantApps="true" />
59-->[com.google.android.gms:play-services-auth:21.1.1] AndroidManifest.xml:37:13-48
60
61        <activity
61-->[com.google.android.gms:play-services-base:18.3.0] AndroidManifest.xml:20:9-22:45
62            android:name="com.google.android.gms.common.api.GoogleApiActivity"
62-->[com.google.android.gms:play-services-base:18.3.0] AndroidManifest.xml:20:19-85
63            android:exported="false"
63-->[com.google.android.gms:play-services-base:18.3.0] AndroidManifest.xml:22:19-43
64            android:theme="@android:style/Theme.Translucent.NoTitleBar" />
64-->[com.google.android.gms:play-services-base:18.3.0] AndroidManifest.xml:21:19-78
65
66        <meta-data
66-->[com.google.android.gms:play-services-basement:18.3.0] AndroidManifest.xml:21:9-23:69
67            android:name="com.google.android.gms.version"
67-->[com.google.android.gms:play-services-basement:18.3.0] AndroidManifest.xml:22:13-58
68            android:value="@integer/google_play_services_version" />
68-->[com.google.android.gms:play-services-basement:18.3.0] AndroidManifest.xml:23:13-66
69
70        <provider
70-->[androidx.emoji2:emoji2:1.2.0] AndroidManifest.xml:24:9-32:20
71            android:name="androidx.startup.InitializationProvider"
71-->[androidx.emoji2:emoji2:1.2.0] AndroidManifest.xml:25:13-67
72            android:authorities="com.mota.marketingagent.androidx-startup"
72-->[androidx.emoji2:emoji2:1.2.0] AndroidManifest.xml:26:13-68
73            android:exported="false" >
73-->[androidx.emoji2:emoji2:1.2.0] AndroidManifest.xml:27:13-37
74            <meta-data
74-->[androidx.emoji2:emoji2:1.2.0] AndroidManifest.xml:29:13-31:52
75                android:name="androidx.emoji2.text.EmojiCompatInitializer"
75-->[androidx.emoji2:emoji2:1.2.0] AndroidManifest.xml:30:17-75
76                android:value="androidx.startup" />
76-->[androidx.emoji2:emoji2:1.2.0] AndroidManifest.xml:31:17-49
77            <meta-data
77-->[androidx.lifecycle:lifecycle-process:2.6.2] AndroidManifest.xml:29:13-31:52
78                android:name="androidx.lifecycle.ProcessLifecycleInitializer"
78-->[androidx.lifecycle:lifecycle-process:2.6.2] AndroidManifest.xml:30:17-78
79                android:value="androidx.startup" />
79-->[androidx.lifecycle:lifecycle-process:2.6.2] AndroidManifest.xml:31:17-49
80            <meta-data
80-->[androidx.profileinstaller:profileinstaller:1.3.0] AndroidManifest.xml:29:13-31:52
81                android:name="androidx.profileinstaller.ProfileInstallerInitializer"
81-->[androidx.profileinstaller:profileinstaller:1.3.0] AndroidManifest.xml:30:17-85
82                android:value="androidx.startup" />
82-->[androidx.profileinstaller:profileinstaller:1.3.0] AndroidManifest.xml:31:17-49
83        </provider>
84
85        <receiver
85-->[androidx.profileinstaller:profileinstaller:1.3.0] AndroidManifest.xml:34:9-52:20
86            android:name="androidx.profileinstaller.ProfileInstallReceiver"
86-->[androidx.profileinstaller:profileinstaller:1.3.0] AndroidManifest.xml:35:13-76
87            android:directBootAware="false"
87-->[androidx.profileinstaller:profileinstaller:1.3.0] AndroidManifest.xml:36:13-44
88            android:enabled="true"
88-->[androidx.profileinstaller:profileinstaller:1.3.0] AndroidManifest.xml:37:13-35
89            android:exported="true"
89-->[androidx.profileinstaller:profileinstaller:1.3.0] AndroidManifest.xml:38:13-36
90            android:permission="android.permission.DUMP" >
90-->[androidx.profileinstaller:profileinstaller:1.3.0] AndroidManifest.xml:39:13-57
91            <intent-filter>
91-->[androidx.profileinstaller:profileinstaller:1.3.0] AndroidManifest.xml:40:13-42:29
92                <action android:name="androidx.profileinstaller.action.INSTALL_PROFILE" />
92-->[androidx.profileinstaller:profileinstaller:1.3.0] AndroidManifest.xml:41:17-91
92-->[androidx.profileinstaller:profileinstaller:1.3.0] AndroidManifest.xml:41:25-88
93            </intent-filter>
94            <intent-filter>
94-->[androidx.profileinstaller:profileinstaller:1.3.0] AndroidManifest.xml:43:13-45:29
95                <action android:name="androidx.profileinstaller.action.SKIP_FILE" />
95-->[androidx.profileinstaller:profileinstaller:1.3.0] AndroidManifest.xml:44:17-85
95-->[androidx.profileinstaller:profileinstaller:1.3.0] AndroidManifest.xml:44:25-82
96            </intent-filter>
97            <intent-filter>
97-->[androidx.profileinstaller:profileinstaller:1.3.0] AndroidManifest.xml:46:13-48:29
98                <action android:name="androidx.profileinstaller.action.SAVE_PROFILE" />
98-->[androidx.profileinstaller:profileinstaller:1.3.0] AndroidManifest.xml:47:17-88
98-->[androidx.profileinstaller:profileinstaller:1.3.0] AndroidManifest.xml:47:25-85
99            </intent-filter>
100            <intent-filter>
100-->[androidx.profileinstaller:profileinstaller:1.3.0] AndroidManifest.xml:49:13-51:29
101                <action android:name="androidx.profileinstaller.action.BENCHMARK_OPERATION" />
101-->[androidx.profileinstaller:profileinstaller:1.3.0] AndroidManifest.xml:50:17-95
101-->[androidx.profileinstaller:profileinstaller:1.3.0] AndroidManifest.xml:50:25-92
102            </intent-filter>
103        </receiver>
104    </application>
105
106</manifest>